C:\Users\Rahul>gcloud init
Welcome! This command will take you through the configuration of gcloud.

Settings from your current configuration [default] are:
accessibility:
  screen_reader: 'False'
compute:
  region: us-central1
  zone: us-central1-a
core:
  account: simplyrahul.gke.udemy@gmail.com
  disable_usage_reporting: 'True'
  project: expanded-origin-395402

Pick configuration to use:
 [1] Re-initialize this configuration [default] with new settings
 [2] Create a new configuration
Please enter your numeric choice:  2

Enter configuration name. Names start with a lower case letter and contain only lower case letters a-z, digits 0-9, and hyphens '-':  sara-project-401601-gcloud-config
Your current configuration has been set to: [sara-project-401601-gcloud-config]

You can skip diagnostics next time by using the following flag:
  gcloud init --skip-diagnostics

Network diagnostic detects and fixes local network connection issues.
Checking network connection...done.
Reachability Check passed.
Network diagnostic passed (1/1 checks passed).

Choose the account you would like to use to perform operations for this configuration:
 [1] simplyrahul.gke.udemy@gmail.com
 [2] Log in with a new account
Please enter your numeric choice:  2

Your browser has been opened to visit:

    https://accounts.google.com/o/oauth2/auth?response_type=code&client_id=32555940559.apps.googleusercontent.com&redirect_uri=http%3A%2F%2Flocalhost%3A8085%2F&scope=openid+https%3A%2F%2Fwww.googleapis.com%2Fauth%2Fuserinfo.email+https%3A%2F%2Fwww.googleapis.com%2Fauth%2Fcloud-platform+https%3A%2F%2Fwww.googleapis.com%2Fauth%2Fappengine.admin+https%3A%2F%2Fwww.googleapis.com%2Fauth%2Fsqlservice.login+https%3A%2F%2Fwww.googleapis.com%2Fauth%2Fcompute+https%3A%2F%2Fwww.googleapis.com%2Fauth%2Faccounts.reauth&state=PGLJxXALQYVH8fjHe1yVHmezCsmZ3h&access_type=offline&code_challenge=-f2dKhtvJxXUlMSoJY9I5xtST4L4hLaP5tRKk6Er9vI&code_challenge_method=S256



Updates are available for some Google Cloud CLI components.  To install them,
please run:
  $ gcloud components update

You are logged in as: [rahuludayshankarsinha@gmail.com].

Pick cloud project to use:
 [1] sara-project-401601
 [2] Enter a project ID
 [3] Create a new project
Please enter numeric choice or text value (must exactly match list item):  1

Your current project has been set to: [sara-project-401601].

Do you want to configure a default Compute Region and Zone? (Y/n)?  Y

Which Google Compute Engine zone would you like to use as project default?
If you do not specify a zone via a command line flag while working with Compute Engine resources, the default is assumed.
 [1] us-east1-b
 [2] us-east1-c
 [3] us-east1-d
 [4] us-east4-c
 [5] us-east4-b
 [6] us-east4-a
 [7] us-central1-c
 [8] us-central1-a
 [9] us-central1-f
 [10] us-central1-b
 [11] us-west1-b
 [12] us-west1-c
 [13] us-west1-a
 [14] europe-west4-a
 [15] europe-west4-b
 [16] europe-west4-c
 [17] europe-west1-b
 [18] europe-west1-d
 [19] europe-west1-c
 [20] europe-west3-c
 [21] europe-west3-a
 [22] europe-west3-b
 [23] europe-west2-c
 [24] europe-west2-b
 [25] europe-west2-a
 [26] asia-east1-b
 [27] asia-east1-a
 [28] asia-east1-c
 [29] asia-southeast1-b
 [30] asia-southeast1-a
 [31] asia-southeast1-c
 [32] asia-northeast1-b
 [33] asia-northeast1-c
 [34] asia-northeast1-a
 [35] asia-south1-c
 [36] asia-south1-b
 [37] asia-south1-a
 [38] australia-southeast1-b
 [39] australia-southeast1-c
 [40] australia-southeast1-a
 [41] southamerica-east1-b
 [42] southamerica-east1-c
 [43] southamerica-east1-a
 [44] asia-east2-a
 [45] asia-east2-b
 [46] asia-east2-c
 [47] asia-northeast2-a
 [48] asia-northeast2-b
 [49] asia-northeast2-c
 [50] asia-northeast3-a
Did not print [69] options.
Too many options [119]. Enter "list" at prompt to print choices fully.
Please enter numeric choice or text value (must exactly match list item):  8

Your project default Compute Engine zone has been set to [us-central1-a].
You can change it by running [gcloud config set compute/zone NAME].

Your project default Compute Engine region has been set to [us-central1].
You can change it by running [gcloud config set compute/region NAME].

Your Google Cloud SDK is configured and ready to use!

* Commands that require authentication will use rahuludayshankarsinha@gmail.com by default
* Commands will reference project `sara-project-401601` by default
* Compute Engine commands will use region `us-central1` by default
* Compute Engine commands will use zone `us-central1-a` by default

Run `gcloud help config` to learn how to change individual settings

This gcloud configuration is called [sara-project-401601-gcloud-config]. You can create additional configurations if you work with multiple accounts and/or projects.
Run `gcloud topic configurations` to learn more.

Some things to try next:

* Run `gcloud --help` to see the Cloud Platform services you can interact with. And run `gcloud help COMMAND` to get help on any gcloud command.
* Run `gcloud topic --help` to learn about advanced features of the SDK like arg files and output formatting
* Run `gcloud cheat-sheet` to see a roster of go-to `gcloud` commands.

C:\Users\Rahul>gcloud auth configure-docker us-central1-docker.pkg.dev
WARNING: Your config file at [C:\Users\Rahul\.docker\config.json] contains these credential helper entries:

{
  "credHelpers": {
    "us-central1-docker.pkg.dev": "gcloud"
  }
}
Adding credentials for: us-central1-docker.pkg.dev
gcloud credential helpers already registered correctly.


C:\Users\Rahul>docker tag sara-simplywebpage:latest us-central1-docker.pkg.dev/sara-project-401601/sara-gke-docker-artifact-repo/sara-simplywebpage:v1.0

C:\Users\Rahul>docker push us-central1-docker.pkg.dev/sara-project-401601/sara-gke-docker-artifact-repo/sara-simplywebpage:v1.0
The push refers to repository [us-central1-docker.pkg.dev/sara-project-401601/sara-gke-docker-artifact-repo/sara-simplywebpage]
104e45c9a17a: Pushed
d26d4f0eb474: Pushed
a7e2a768c198: Pushed
9c6261b5d198: Pushed
ea43d4f82a03: Pushed
1dc45c680d0f: Pushed
eb7e3384f0ab: Pushed
d310e774110a: Pushed
v1.0: digest: sha256:32bed7c85ddc386cd49c8f920f46c3c73e6331e8f80add3fa34686c9deb53b20 size: 1985

C:\Users\Rahul>
