---
title: Kubernetes Deployments with YAML
description: Learn to write and test Kubernetes Deployments with YAML
---

## Step-01: Copy templates from ReplicaSet
- Copy templates from ReplicaSet and change the `kind: Deployment` 
- Update Container Image version to `3.0.0`
- Change all names to Deployment
- Change all labels and selectors to `myapp3`

```t
# Change Directory
cd kube-manifests

# Create Deployment
kubectl apply -f 01-deployment-definition.yml
kubectl get deploy
kubectl get rs
kubectl get po

# Create LoadBalancer Service
kubectl apply -f 02-deployment-LoadBalancer-service.yml

# List Service
kubectl get svc

# Get Public IP
kubectl get nodes -o wide

# Access Application
http://<Load-Balancer-Service-IP>
```

## Step-02: Clean-Up Kubernetes Deployment and Service
```t
# Change Directory
cd kube-manifests

# Delete Deployment
kubectl delete -f 01-deployment-definition.yml

# Delete LoadBalancer Service
kubectl delete -f 02-deployment-LoadBalancer-service.yml
```


## API References
- [Deployment](https://kubernetes.io/docs/reference/generated/kubernetes-api/v1.26/#deployment-v1-apps)

rahul@DESKTOP-C4GRDQ2:~/github/google-kubernetes-engine/16-yaml-declarative-k8s-deployments$ cat kube-manifests/01-deployment-definition.yml
apiVersion: apps/v1
kind: Deployment
metadata: # Dictionary
  name: myapp3-deployment
spec: # Dictionary
  replicas: 3
  selector:
    matchLabels:
      app: myapp3
  template:
    metadata: # Dictionary
      name: myapp3-pod
      labels:
        app: myapp3 # Key Value Pairs
    spec:
      containers: # List
        - name: myapp3-container
          image: stacksimplify/kubenginx:3.0.0
          ports:
            - containerPort: 80          

rahul@DESKTOP-C4GRDQ2:~/github/google-kubernetes-engine/16-yaml-declarative-k8s-deployments$
rahul@DESKTOP-C4GRDQ2:~/github/google-kubernetes-engine/16-yaml-declarative-k8s-deployments$ kubectl apply -f kube-manifests/01-deployment-definition.yml
deployment.apps/myapp3-deployment created

rahul@DESKTOP-C4GRDQ2:~/github/google-kubernetes-engine/16-yaml-declarative-k8s-deployments$ kubectl get deploy -o wide
NAME                READY   UP-TO-DATE   AVAILABLE   AGE    CONTAINERS         IMAGES                          SELECTOR
myapp3-deployment   3/3     3            3           117s   myapp3-container   stacksimplify/kubenginx:3.0.0   app=myapp3

rahul@DESKTOP-C4GRDQ2:~/github/google-kubernetes-engine/16-yaml-declarative-k8s-deployments$ kubectl get rs -o wide
NAME                           DESIRED   CURRENT   READY   AGE    CONTAINERS         IMAGES                          SELECTOR
myapp3-deployment-7c9d999b46   3         3         3       2m1s   myapp3-container   stacksimplify/kubenginx:3.0.0   app=myapp3,pod-template-hash=7c9d999b46

rahul@DESKTOP-C4GRDQ2:~/github/google-kubernetes-engine/16-yaml-declarative-k8s-deployments$ kubectl get pods -o wide
NAME                                 READY   STATUS    RESTARTS   AGE     IP           NODE                                                  NOMINATED NODE   READINESS GATES
myapp3-deployment-7c9d999b46-59s2k   1/1     Running   0          2m15s   10.56.1.37   gke-gke-public-standard--default-pool-0bc48b90-3jtt   <none>           <none>
myapp3-deployment-7c9d999b46-qnnnr   1/1     Running   0          2m15s   10.56.0.58   gke-gke-public-standard--default-pool-73297d2f-pgnk   <none>           <none>
myapp3-deployment-7c9d999b46-swpx7   1/1     Running   0          2m15s   10.56.2.40   gke-gke-public-standard--default-pool-175a9d00-v6mb   <none>           <none>

rahul@DESKTOP-C4GRDQ2:~/github/google-kubernetes-engine/16-yaml-declarative-k8s-deployments$ kubectl get nodes -o wide
NAME                                                  STATUS   ROLES    AGE    VERSION            INTERNAL-IP   EXTERNAL-IP      OS-IMAGE             KERNEL-VERSION    CONTAINER-RUNTIME
gke-gke-public-standard--default-pool-0bc48b90-3jtt   Ready    <none>   31h    v1.27.3-gke.1700   10.128.0.34   34.72.220.118    Ubuntu 22.04.2 LTS   5.15.0-1037-gke   containerd://1.7.0
gke-gke-public-standard--default-pool-175a9d00-v6mb   Ready    <none>   5d7h   v1.27.3-gke.1700   10.128.0.25   34.123.216.198   Ubuntu 22.04.2 LTS   5.15.0-1037-gke   containerd://1.7.0
gke-gke-public-standard--default-pool-73297d2f-pgnk   Ready    <none>   11h    v1.27.3-gke.1700   10.128.0.35   35.188.24.118    Ubuntu 22.04.2 LTS   5.15.0-1037-gke   containerd://1.7.0

rahul@DESKTOP-C4GRDQ2:~/github/google-kubernetes-engine/16-yaml-declarative-k8s-deployments$ kubectl apply -f kube-manifests/02-deployment-LoadBalancer-servie.yml
service/deployment-loadbalancer-service created

rahul@DESKTOP-C4GRDQ2:~/github/google-kubernetes-engine/16-yaml-declarative-k8s-deployments$ kubectl get svc -o wide
NAME                              TYPE           CLUSTER-IP    EXTERNAL-IP    PORT(S)        AGE   SELECTOR
deployment-loadbalancer-service   LoadBalancer   10.60.8.167   34.30.211.30   80:30689/TCP   76s   app=myapp3
kubernetes                        ClusterIP      10.60.0.1     <none>         443/TCP        10d   <none>

rahul@DESKTOP-C4GRDQ2:~/github/google-kubernetes-engine/16-yaml-declarative-k8s-deployments$ for i in 10.56.0.58 10.56.1.37 10.56.2.40 10.60.8.167 34.30.211.30; do kubectl run -it tempcurl
pod`echo $i | awk -F "." '{print $4}'` --image=curlimages/curl --rm --restart=Never -- http://${i} -v ; done
* processing: http://10.56.0.58
*   Trying 10.56.0.58:80...
* Connected to 10.56.0.58 (10.56.0.58) port 80
> GET / HTTP/1.1
> Host: 10.56.0.58
> User-Agent: curl/8.2.1
> Accept: */*
>
< HTTP/1.1 200 OK
< Server: nginx/1.17.10
< Date: Sun, 20 Aug 2023 07:33:01 GMT
< Content-Type: text/html
< Content-Length: 216
< Last-Modified: Sun, 17 May 2020 06:01:40 GMT
< Connection: keep-alive
< ETag: "5ec0d344-d8"
< Accept-Ranges: bytes
<
<!DOCTYPE html>
<html>
   <body style="background-color:rgb(250, 210, 242);">
      <h1>Welcome to Stack Simplify</h1>
      <p>Kubernetes Fundamentals Demo</p>
      <p>Application Version: V3</p>
   </body>
* Connection #0 to host 10.56.0.58 left intact
</html>pod "tempcurlpod58" deleted
* processing: http://10.56.1.37
*   Trying 10.56.1.37:80...
* Connected to 10.56.1.37 (10.56.1.37) port 80
> GET / HTTP/1.1
> Host: 10.56.1.37
> User-Agent: curl/8.2.1
> Accept: */*
>
< HTTP/1.1 200 OK
< Server: nginx/1.17.10
< Date: Sun, 20 Aug 2023 07:33:06 GMT
< Content-Type: text/html
< Content-Length: 216
< Last-Modified: Sun, 17 May 2020 06:01:40 GMT
< Connection: keep-alive
< ETag: "5ec0d344-d8"
< Accept-Ranges: bytes
<
<!DOCTYPE html>
<html>
   <body style="background-color:rgb(250, 210, 242);">
      <h1>Welcome to Stack Simplify</h1>
      <p>Kubernetes Fundamentals Demo</p>
      <p>Application Version: V3</p>
   </body>
* Connection #0 to host 10.56.1.37 left intact
</html>pod "tempcurlpod37" deleted
* processing: http://10.56.2.40
*   Trying 10.56.2.40:80...
* Connected to 10.56.2.40 (10.56.2.40) port 80
> GET / HTTP/1.1
> Host: 10.56.2.40
> User-Agent: curl/8.2.1
> Accept: */*
>
< HTTP/1.1 200 OK
< Server: nginx/1.17.10
< Date: Sun, 20 Aug 2023 07:33:11 GMT
< Content-Type: text/html
< Content-Length: 216
< Last-Modified: Sun, 17 May 2020 06:01:40 GMT
< Connection: keep-alive
< ETag: "5ec0d344-d8"
< Accept-Ranges: bytes
<
<!DOCTYPE html>
<html>
   <body style="background-color:rgb(250, 210, 242);">
      <h1>Welcome to Stack Simplify</h1>
      <p>Kubernetes Fundamentals Demo</p>
      <p>Application Version: V3</p>
   </body>
* Connection #0 to host 10.56.2.40 left intact
</html>pod "tempcurlpod40" deleted
* processing: http://10.60.8.167
*   Trying 10.60.8.167:80...
* Connected to 10.60.8.167 (10.60.8.167) port 80
> GET / HTTP/1.1
> Host: 10.60.8.167
> User-Agent: curl/8.2.1
> Accept: */*
>
< HTTP/1.1 200 OK
< Server: nginx/1.17.10
< Date: Sun, 20 Aug 2023 07:33:16 GMT
< Content-Type: text/html
< Content-Length: 216
< Last-Modified: Sun, 17 May 2020 06:01:40 GMT
< Connection: keep-alive
< ETag: "5ec0d344-d8"
< Accept-Ranges: bytes
<
<!DOCTYPE html>
<html>
   <body style="background-color:rgb(250, 210, 242);">
      <h1>Welcome to Stack Simplify</h1>
      <p>Kubernetes Fundamentals Demo</p>
      <p>Application Version: V3</p>
   </body>
* Connection #0 to host 10.60.8.167 left intact
</html>pod "tempcurlpod167" deleted
* processing: http://34.30.211.30
*   Trying 34.30.211.30:80...
* Connected to 34.30.211.30 (34.30.211.30) port 80
> GET / HTTP/1.1
> Host: 34.30.211.30
> User-Agent: curl/8.2.1
> Accept: */*
>
< HTTP/1.1 200 OK
< Server: nginx/1.17.10
< Date: Sun, 20 Aug 2023 07:33:21 GMT
< Content-Type: text/html
< Content-Length: 216
< Last-Modified: Sun, 17 May 2020 06:01:40 GMT
< Connection: keep-alive
< ETag: "5ec0d344-d8"
< Accept-Ranges: bytes
<
<!DOCTYPE html>
<html>
   <body style="background-color:rgb(250, 210, 242);">
      <h1>Welcome to Stack Simplify</h1>
      <p>Kubernetes Fundamentals Demo</p>
      <p>Application Version: V3</p>
   </body>
* Connection #0 to host 34.30.211.30 left intact
</html>pod "tempcurlpod30" deleted
rahul@DESKTOP-C4GRDQ2:~/github/google-kubernetes-engine/16-yaml-declarative-k8s-deployments$ kubectl delete -f kube-manifests/
deployment.apps "myapp3-deployment" deleted
service "deployment-loadbalancer-service" deleted
rahul@DESKTOP-C4GRDQ2:~/github/google-kubernetes-engine/16-yaml-declarative-k8s-deployments$ kubectl get all
NAME                 TYPE        CLUSTER-IP   EXTERNAL-IP   PORT(S)   AGE
service/kubernetes   ClusterIP   10.60.0.1    <none>        443/TCP   10d
rahul@DESKTOP-C4GRDQ2:~/github/google-kubernetes-engine/16-yaml-declarative-k8s-deployments$
